{"/home/will/Projects/api-node-mango/src/presentation/helpers/http-response.js": {"path":"/home/will/Projects/api-node-mango/src/presentation/helpers/http-response.js","all":false,"statementMap":{"0":{"start":{"line":1,"column":0},"end":{"line":1,"column":59}},"1":{"start":{"line":2,"column":0},"end":{"line":2,"column":58}},"2":{"start":{"line":3,"column":0},"end":{"line":3,"column":0}},"3":{"start":{"line":4,"column":0},"end":{"line":4,"column":37}},"4":{"start":{"line":5,"column":0},"end":{"line":5,"column":35}},"5":{"start":{"line":6,"column":0},"end":{"line":6,"column":16}},"6":{"start":{"line":7,"column":0},"end":{"line":7,"column":28}},"7":{"start":{"line":8,"column":0},"end":{"line":8,"column":50}},"8":{"start":{"line":9,"column":0},"end":{"line":9,"column":9}},"9":{"start":{"line":10,"column":0},"end":{"line":10,"column":5}},"10":{"start":{"line":11,"column":0},"end":{"line":11,"column":0}},"11":{"start":{"line":12,"column":0},"end":{"line":12,"column":27}},"12":{"start":{"line":13,"column":0},"end":{"line":13,"column":16}},"13":{"start":{"line":14,"column":0},"end":{"line":14,"column":27}},"14":{"start":{"line":15,"column":0},"end":{"line":15,"column":9}},"15":{"start":{"line":16,"column":0},"end":{"line":16,"column":5}},"16":{"start":{"line":17,"column":0},"end":{"line":17,"column":0}},"17":{"start":{"line":18,"column":0},"end":{"line":18,"column":33}},"18":{"start":{"line":19,"column":0},"end":{"line":19,"column":16}},"19":{"start":{"line":20,"column":0},"end":{"line":20,"column":28}},"20":{"start":{"line":21,"column":0},"end":{"line":21,"column":41}},"21":{"start":{"line":22,"column":0},"end":{"line":22,"column":9}},"22":{"start":{"line":23,"column":0},"end":{"line":23,"column":5}},"23":{"start":{"line":24,"column":0},"end":{"line":24,"column":1}}},"s":{"0":1,"1":1,"2":1,"3":1,"4":1,"5":2,"6":2,"7":2,"8":2,"9":2,"10":1,"11":1,"12":2,"13":2,"14":2,"15":2,"16":1,"17":1,"18":2,"19":2,"20":2,"21":2,"22":2,"23":1},"branchMap":{},"b":{},"fnMap":{"0":{"name":"badRequest","decl":{"start":{"line":5,"column":11},"end":{"line":10,"column":5}},"loc":{"start":{"line":5,"column":11},"end":{"line":10,"column":5}},"line":5},"1":{"name":"serverError","decl":{"start":{"line":12,"column":11},"end":{"line":16,"column":5}},"loc":{"start":{"line":12,"column":11},"end":{"line":16,"column":5}},"line":12},"2":{"name":"unauthorizedError","decl":{"start":{"line":18,"column":11},"end":{"line":23,"column":5}},"loc":{"start":{"line":18,"column":11},"end":{"line":23,"column":5}},"line":18}},"f":{"0":2,"1":2,"2":2}}
,"/home/will/Projects/api-node-mango/src/presentation/helpers/missing-param-error.js": {"path":"/home/will/Projects/api-node-mango/src/presentation/helpers/missing-param-error.js","all":false,"statementMap":{"0":{"start":{"line":1,"column":0},"end":{"line":1,"column":56}},"1":{"start":{"line":2,"column":0},"end":{"line":2,"column":29}},"2":{"start":{"line":3,"column":0},"end":{"line":3,"column":44}},"3":{"start":{"line":4,"column":0},"end":{"line":4,"column":39}},"4":{"start":{"line":5,"column":0},"end":{"line":5,"column":5}},"5":{"start":{"line":6,"column":0},"end":{"line":6,"column":1}}},"s":{"0":1,"1":1,"2":4,"3":4,"4":4,"5":1},"branchMap":{},"b":{},"fnMap":{"0":{"name":"MissingParamError","decl":{"start":{"line":2,"column":4},"end":{"line":5,"column":5}},"loc":{"start":{"line":2,"column":4},"end":{"line":5,"column":5}},"line":2}},"f":{"0":4}}
,"/home/will/Projects/api-node-mango/src/presentation/helpers/unauthorized-error.js": {"path":"/home/will/Projects/api-node-mango/src/presentation/helpers/unauthorized-error.js","all":false,"statementMap":{"0":{"start":{"line":1,"column":0},"end":{"line":1,"column":56}},"1":{"start":{"line":2,"column":0},"end":{"line":2,"column":20}},"2":{"start":{"line":3,"column":0},"end":{"line":3,"column":29}},"3":{"start":{"line":4,"column":0},"end":{"line":4,"column":39}},"4":{"start":{"line":5,"column":0},"end":{"line":5,"column":5}},"5":{"start":{"line":6,"column":0},"end":{"line":6,"column":1}}},"s":{"0":1,"1":1,"2":3,"3":3,"4":3,"5":1},"branchMap":{},"b":{},"fnMap":{"0":{"name":"UnauthorizedError","decl":{"start":{"line":2,"column":4},"end":{"line":5,"column":5}},"loc":{"start":{"line":2,"column":4},"end":{"line":5,"column":5}},"line":2}},"f":{"0":3}}
,"/home/will/Projects/api-node-mango/src/presentation/routers/login-router.js": {"path":"/home/will/Projects/api-node-mango/src/presentation/routers/login-router.js","all":false,"statementMap":{"0":{"start":{"line":1,"column":0},"end":{"line":1,"column":57}},"1":{"start":{"line":2,"column":0},"end":{"line":2,"column":0}},"2":{"start":{"line":3,"column":0},"end":{"line":3,"column":36}},"3":{"start":{"line":4,"column":0},"end":{"line":4,"column":30}},"4":{"start":{"line":5,"column":0},"end":{"line":5,"column":38}},"5":{"start":{"line":6,"column":0},"end":{"line":6,"column":5}},"6":{"start":{"line":7,"column":0},"end":{"line":7,"column":0}},"7":{"start":{"line":8,"column":0},"end":{"line":8,"column":25}},"8":{"start":{"line":9,"column":0},"end":{"line":9,"column":48}},"9":{"start":{"line":10,"column":0},"end":{"line":10,"column":45}},"10":{"start":{"line":11,"column":0},"end":{"line":11,"column":9}},"11":{"start":{"line":12,"column":0},"end":{"line":12,"column":0}},"12":{"start":{"line":13,"column":0},"end":{"line":13,"column":52}},"13":{"start":{"line":14,"column":0},"end":{"line":14,"column":0}},"14":{"start":{"line":15,"column":0},"end":{"line":15,"column":21}},"15":{"start":{"line":16,"column":0},"end":{"line":16,"column":51}},"16":{"start":{"line":17,"column":0},"end":{"line":17,"column":9}},"17":{"start":{"line":18,"column":0},"end":{"line":18,"column":0}},"18":{"start":{"line":19,"column":0},"end":{"line":19,"column":24}},"19":{"start":{"line":20,"column":0},"end":{"line":20,"column":54}},"20":{"start":{"line":21,"column":0},"end":{"line":21,"column":9}},"21":{"start":{"line":22,"column":0},"end":{"line":22,"column":0}},"22":{"start":{"line":23,"column":0},"end":{"line":23,"column":46}},"23":{"start":{"line":24,"column":0},"end":{"line":24,"column":0}},"24":{"start":{"line":25,"column":0},"end":{"line":25,"column":47}},"25":{"start":{"line":26,"column":0},"end":{"line":26,"column":5}},"26":{"start":{"line":27,"column":0},"end":{"line":27,"column":1}}},"s":{"0":1,"1":1,"2":1,"3":1,"4":6,"5":6,"6":1,"7":1,"8":6,"9":6,"10":6,"11":6,"12":6,"13":6,"14":6,"15":6,"16":6,"17":6,"18":6,"19":6,"20":6,"21":6,"22":6,"23":6,"24":6,"25":6,"26":1},"branchMap":{},"b":{},"fnMap":{"0":{"name":"LoginRouter","decl":{"start":{"line":4,"column":4},"end":{"line":6,"column":5}},"loc":{"start":{"line":4,"column":4},"end":{"line":6,"column":5}},"line":4},"1":{"name":"route","decl":{"start":{"line":8,"column":4},"end":{"line":26,"column":5}},"loc":{"start":{"line":8,"column":4},"end":{"line":26,"column":5}},"line":8}},"f":{"0":6,"1":6}}
}
